<?xml version="1.0" encoding="UTF-8" ?>
<testsuite tests="2" failures="1" name="testcases.TestSample" time="5.81" errors="0" skipped="0">
  <properties>
[...]
</properties>
  <testcase classname="testcases.TestSample" name="multiplyTest" time="3.014">
    <failure message="expected [Display is 72] but found [Display is 0]" type="java.lang.AssertionError">java.lang.AssertionError: expected [Display is 72] but found [Display is 0]
	at org.testng.Assert.fail(Assert.java:96)
	at org.testng.Assert.failNotEquals(Assert.java:776)
	at org.testng.Assert.assertEqualsImpl(Assert.java:137)
	at org.testng.Assert.assertEquals(Assert.java:118)
	at org.testng.Assert.assertEquals(Assert.java:453)
	at org.testng.Assert.assertEquals(Assert.java:463)
	at testcases.TestSample.multiplyTest(TestSample.java:49)
</failure>
    <system-out>Configuring TestNG with: org.apache.maven.surefire.testng.conf.TestNG652Configurator@4926097b
</system-out>
    <system-err>Starting Windows Desktop Driver on port 9999

</system-err>
  </testcase>
  <testcase classname="testcases.TestSample" name="sumTest" time="2.796"/>
</testsuite>