<?xml version="1.0" encoding="UTF-8"?>
<!-- Generated by org.testng.reporters.JUnitXMLReporter -->
<testsuite hostname="SKLAROWTOP" ignored="0" name="Command line test" tests="2" failures="1" timestamp="21 Jul 2020 21:55:09 GMT" time="9.683" errors="0">
  <testcase name="multiplyTest" time="3.01" classname="testcases.TestSample">
    <failure type="java.lang.AssertionError" message="expected [Display is 72] but found [Display is 0]">
      <![CDATA[java.lang.AssertionError: expected [Display is 72] but found [Display is 0]
at testcases.TestSample.multiplyTest(TestSample.java:49)
... Removed 40 stack frames]]>
    </failure>
  </testcase> <!-- multiplyTest -->
  <testcase name="sumTest" time="2.798" classname="testcases.TestSample"/>
</testsuite> <!-- Command line test -->
